<?xml version="1.0" ?>
<testsuite errors="0" failures="0" name="django.contrib.auth.tests.forms.SetPasswordFormTest" tests="2" time="0.002">
	<testcase classname="django.contrib.auth.tests.forms.SetPasswordFormTest" name="test_password_verification" time="0.001"/>
	<testcase classname="django.contrib.auth.tests.forms.SetPasswordFormTest" name="test_success" time="0.001"/>
	<system-out/>
	<system-err/>
</testsuite>
