<?xml version="1.0" ?>
<testsuite errors="0" failures="0" name="django.contrib.auth.tests.signals.SignalTestCase" tests="3" time="0.002">
	<testcase classname="django.contrib.auth.tests.signals.SignalTestCase" name="test_login" time="0.001"/>
	<testcase classname="django.contrib.auth.tests.signals.SignalTestCase" name="test_logout" time="0.001"/>
	<testcase classname="django.contrib.auth.tests.signals.SignalTestCase" name="test_logout_anonymous" time="0.001"/>
	<system-out/>
	<system-err/>
</testsuite>
