<?xml version="1.0" ?>
<testsuite errors="0" failures="0" name="django.contrib.auth.tests.tokens.TokenGeneratorTest" tests="4" time="0.003">
	<testcase classname="django.contrib.auth.tests.tokens.TokenGeneratorTest" name="test_10265" time="0.001"/>
	<testcase classname="django.contrib.auth.tests.tokens.TokenGeneratorTest" name="test_date_length" time="0.001"/>
	<testcase classname="django.contrib.auth.tests.tokens.TokenGeneratorTest" name="test_make_token" time="0.001"/>
	<testcase classname="django.contrib.auth.tests.tokens.TokenGeneratorTest" name="test_timeout" time="0.001"/>
	<system-out/>
	<system-err/>
</testsuite>
