<?xml version="1.0" ?>
<testsuite errors="0" failures="0" name="conf_monkey.cm_subscription.tests.ModelTest" tests="1" time="0.001">
	<testcase classname="conf_monkey.cm_subscription.tests.ModelTest" name="test_basic_constrains" time="0.001"/>
	<system-out/>
	<system-err/>
</testsuite>
