<?xml version="1.0" ?>
<testsuite errors="0" failures="0" name="django.contrib.sites.tests.SitesFrameworkTests" tests="3" time="0.002">
	<testcase classname="django.contrib.sites.tests.SitesFrameworkTests" name="test_get_current_site" time="0.001"/>
	<testcase classname="django.contrib.sites.tests.SitesFrameworkTests" name="test_site_cache" time="0.001"/>
	<testcase classname="django.contrib.sites.tests.SitesFrameworkTests" name="test_site_manager" time="0.001"/>
	<system-out/>
	<system-err/>
</testsuite>
