<?xml version="1.0" ?>
<testsuite errors="0" failures="0" name="django.contrib.auth.tests.forms.UserChangeFormTest" tests="2" time="0.002">
	<testcase classname="django.contrib.auth.tests.forms.UserChangeFormTest" name="test_bug_14242" time="0.001"/>
	<testcase classname="django.contrib.auth.tests.forms.UserChangeFormTest" name="test_username_validity" time="0.001"/>
	<system-out/>
	<system-err/>
</testsuite>
