<?xml version="1.0" ?>
<testsuite errors="0" failures="0" name="django.contrib.sessions.tests.FileSessionTests" tests="28" time="0.022">
	<testcase classname="django.contrib.sessions.tests.FileSessionTests" name="test_clear" time="0.001"/>
	<testcase classname="django.contrib.sessions.tests.FileSessionTests" name="test_configuration_check" time="0.001"/>
	<testcase classname="django.contrib.sessions.tests.FileSessionTests" name="test_custom_expiry_datetime" time="0.001"/>
	<testcase classname="django.contrib.sessions.tests.FileSessionTests" name="test_custom_expiry_reset" time="0.001"/>
	<testcase classname="django.contrib.sessions.tests.FileSessionTests" name="test_custom_expiry_seconds" time="0.001"/>
	<testcase classname="django.contrib.sessions.tests.FileSessionTests" name="test_custom_expiry_timedelta" time="0.001"/>
	<testcase classname="django.contrib.sessions.tests.FileSessionTests" name="test_cycle" time="0.001"/>
	<testcase classname="django.contrib.sessions.tests.FileSessionTests" name="test_decode" time="0.001"/>
	<testcase classname="django.contrib.sessions.tests.FileSessionTests" name="test_default_expiry" time="0.001"/>
	<testcase classname="django.contrib.sessions.tests.FileSessionTests" name="test_delete" time="0.001"/>
	<testcase classname="django.contrib.sessions.tests.FileSessionTests" name="test_flush" time="0.001"/>
	<testcase classname="django.contrib.sessions.tests.FileSessionTests" name="test_get_empty" time="0.001"/>
	<testcase classname="django.contrib.sessions.tests.FileSessionTests" name="test_get_expire_at_browser_close" time="0.001"/>
	<testcase classname="django.contrib.sessions.tests.FileSessionTests" name="test_has_key" time="0.001"/>
	<testcase classname="django.contrib.sessions.tests.FileSessionTests" name="test_invalid_key" time="0.001"/>
	<testcase classname="django.contrib.sessions.tests.FileSessionTests" name="test_invalid_key_backslash" time="0.001"/>
	<testcase classname="django.contrib.sessions.tests.FileSessionTests" name="test_invalid_key_forwardslash" time="0.001"/>
	<testcase classname="django.contrib.sessions.tests.FileSessionTests" name="test_iteritems" time="0.001"/>
	<testcase classname="django.contrib.sessions.tests.FileSessionTests" name="test_iterkeys" time="0.001"/>
	<testcase classname="django.contrib.sessions.tests.FileSessionTests" name="test_itervalues" time="0.001"/>
	<testcase classname="django.contrib.sessions.tests.FileSessionTests" name="test_new_session" time="0.001"/>
	<testcase classname="django.contrib.sessions.tests.FileSessionTests" name="test_pop" time="0.001"/>
	<testcase classname="django.contrib.sessions.tests.FileSessionTests" name="test_pop_default" time="0.001"/>
	<testcase classname="django.contrib.sessions.tests.FileSessionTests" name="test_save" time="0.001"/>
	<testcase classname="django.contrib.sessions.tests.FileSessionTests" name="test_setdefault" time="0.001"/>
	<testcase classname="django.contrib.sessions.tests.FileSessionTests" name="test_store" time="0.001"/>
	<testcase classname="django.contrib.sessions.tests.FileSessionTests" name="test_update" time="0.001"/>
	<testcase classname="django.contrib.sessions.tests.FileSessionTests" name="test_values" time="0.001"/>
	<system-out/>
	<system-err/>
</testsuite>
