<?xml version="1.0" ?>
<testsuite errors="0" failures="0" name="django.contrib.contenttypes.tests.ContentTypesTests" tests="3" time="0.002">
	<testcase classname="django.contrib.contenttypes.tests.ContentTypesTests" name="test_lookup_cache" time="0.001"/>
	<testcase classname="django.contrib.contenttypes.tests.ContentTypesTests" name="test_shortcut_view" time="0.001"/>
	<testcase classname="django.contrib.contenttypes.tests.ContentTypesTests" name="test_shortcut_view_without_get_absolute_url" time="0.001"/>
	<system-out/>
	<system-err/>
</testsuite>
