<?xml version="1.0" ?>
<testsuite errors="0" failures="0" name="django.contrib.sessions.tests.SessionMiddlewareTests" tests="2" time="0.002">
	<testcase classname="django.contrib.sessions.tests.SessionMiddlewareTests" name="test_httponly_session_cookie" time="0.001"/>
	<testcase classname="django.contrib.sessions.tests.SessionMiddlewareTests" name="test_secure_session_cookie" time="0.001"/>
	<system-out/>
	<system-err/>
</testsuite>
