<?xml version="1.0" ?>
<testsuite errors="0" failures="0" name="django.contrib.messages.tests.middleware.MiddlewareTest" tests="1" time="0.001">
	<testcase classname="django.contrib.messages.tests.middleware.MiddlewareTest" name="test_response_without_messages" time="0.001"/>
	<system-out/>
	<system-err/>
</testsuite>
