<?xml version="1.0" ?>
<testsuite errors="0" failures="0" name="django_jenkins.tests.SanityCheckTest" tests="1" time="0.001">
	<testcase classname="django_jenkins.tests.SanityCheckTest" name="test_is_ok" time="0.001"/>
	<system-out/>
	<system-err/>
</testsuite>
